CUSTOMER.cid  CUSTOMER.gender  CUSTOMER.firstname  CUSTOMER.lastname  CUSTOMER.address  
133	0	aigmlbtias	ljrcvgomhv	mnvnzfjzwbdohsvjzsyjgkzhna	
161	0	itfwgpsaos	qzsowwvbvc	sieeanicabwzsfcttexjrprpnk	
149	1	ttgeowpghg	sxkpwjgyez	aeopqrbihtzzcjvzucszweacuo	
181	0	nbmshnnler	lxaedckwof	hyieymhicgjyskkaaxcgolsusx	
180	1	utdcxcgkhr	avjlxtjkcg	asskpyfpfvsmtbujcsjxmkrvrs	
110	0	bnglpqjvyc	seakuavwfv	csgmyilfkhcxgsefcdsijxqqrc	
103	1	lijglxabjh	goapbnrvty	tmwcgejarqifwqoaotbyaadejy	
106	0	tzbdyyinmg	fiecadazqs	tzmxclnrcfptxjkwfxxjgccewb	
194	1	emltcpuekr	mqmsfiuesl	iclhzvqvussrptnjydapwwbjfq	
3	0	wpvnwefyqk	cywprznvoc	zelrcxnxjelktxaxblamfkejuz	
192	0	lvhcbunzdc	ocoscjwxxf	aidgrmmygzenouigxsropuwcco	
101	1	qxndrvbllf	kinbahychj	gryaihrissttkhdaeaujneuxln	
43	0	iiphxjtymx	ucqzrvuceq	hzixyhdctjmngfqarhzucjpfcs	
138	1	ocnfmhbmff	xdpqbrjtva	ysvnadylgkoxnycbjjlqggqoca	
59	1	esfisrcaxv	dolglmaomg	owujfysvlgteoiaabrzjkhmnuh	
125	0	fxrhdgfbpt	nwgovhevab	lbixaevprqeunwnsiidoququcv	
146	1	txkgethmgn	tfkmfxdfjf	byqxdjeysjqvsckxdwrdickrpj	
81	0	hkfiwcjhak	mwsagnnmrb	abszxevxgjpljsebeannfkqrcz	
32	0	qnhckupfap	xymmwzpdmy	ynqwmaqvsfdgdnmlegsvahbmun	
54	0	tlegwrwjxc	eipiolhrbt	yjkmtqspjemeolwflkvvtucrmq	
131	1	nrdyqmqkeh	qxacfdpcyo	ghgvontkmpduhbjnfynwxynphq	
105	0	mjngffkiky	oynpgmybcb	rboydzvzwxvqjxtavenqerzdwv	
13	1	blaygddkij	cworfsusnu	fpgkxzbquzuluuyipfbceqfqvq	
14	1	dlyuvbfebw	lmgpsykfyp	mrpkdwgwxccdimwlrndgmsxtpb	
87	0	daguxwmotv	yxyvwcrveb	asyrycfbygiepkrprnhitxnhkw	
176	0	vcelmowtal	uthbvbeplt	goxkjhyfaztdukpbdivapzkofd	
76	1	utvscvdypl	altpwacgfe	xpxskrkceanufaqocqzvjexbjz	
118	1	oiyugdtetq	kxdxmooulr	qrwtjujlcwpseppwrneqymnoms	
90	1	yynvkzdowp	lrghvbnruv	aclcitcnzxbiwxufhveodhbiea	
94	0	cotrklfaep	vdwzqlrlmw	vaiercxplgzyrzxcyasgciyonn	
72	0	pppohjxljk	ucplhkyorz	qyawhpfebrjszezijtamqhfdlt	
132	0	fxhorktvim	afowhmzkir	lbakbssixgbbwyvsuxongipsxb	
177	1	lhaabxpldn	npvrtcyrdl	zwxsrgptljoxodxndtwfvqzicw	
127	0	qmruddzdpg	culsymmhav	dtzsumhyawpjzbgfxfffgeogae	
77	0	xaurqsrjar	rwburjheuq	lbgbdyxjpllaymlfmanckmsicr	
135	0	wnmcebfxhg	xfibpejczn	eozaphtkeppvwxlyxcthkijomq	
141	1	cacupnoopr	sklfwccfvc	ojydonjgytkfeakpqtrxmrduoo	
198	0	ybjjacbctu	ztkbthpnzy	ccnnxbcjyofkvtkogmvqovytuo	
162	0	ycbmupibcb	lbapsxtdtp	xbbrrqegjnaxebthotvnrwvvbc	
136	0	icwfeuoscs	purbgcwmqm	thxwcadpnsbqczhcfmevtajubs	
0	1	zypvozcztt	pbptacwmok	drvpqgfiwunrxbdjjbhtamvpjd	
145	0	ajwudqyqek	jzguicrdim	xtbtjetajffmlhiyotqtjtvvut	
27	1	fvuykwwdfb	vmnqvedkfh	booizzwdthppjivhfofriviyjd	
122	1	kpfvcdoqgs	jqalzrmnbi	vrsojwjaeorlrdefyngsrdrela	
66	0	lievprkknq	fchfpgvakd	blljpuhgzsfskmyddjrqfyasjh	
143	1	ibulyypahj	zwjdhpmpsl	dghkigfdqfwmlttsacvqitzhlh	
37	0	mpxqxtsxvf	ukpmtrrneb	fyvwmnbthuuokyucuxdybzdivw	
52	0	cxepitlsxj	swvrfiprtq	gywjeufjgsngxsidpgkmdzvltb	
196	0	spntsgnwem	abkdaqkzra	wpdjbyiuxegggsjeqhypteshww	
44	0	bobpsuqnzg	nbgkbhfbns	ocvakbvgfswlyocowirrbzgzil	
4	1	iudskssqmi	rvcweptstt	tfsyfvdlqazyhmtkfadhttfnkt	
137	1	liwivwcagu	aretilhycl	ehzrywikqrcvhzzlpzdluvsavx	
9	1	rubmavzync	qfhbvtjapo	rfelucevpspejpphszbstcgjgp	
128	1	zylbgdnqfw	rwluzqhikz	ixxekodpbhdmngxsuncdzzjdus	
46	0	gkjphmadyv	viopcrwiyd	havxnabjzfitktmnpwsouocwin	
191	0	jdneomuirw	gabghbtnol	jydzffjvwludyyfaucqitymrpe	
171	1	qismmmfkgl	uydvzfafjy	molvipbnjxkxtjmcmedfhksrmu	
91	1	zotcbzfqcr	dtgibvuxan	pryafihyhrqutyuwvdokbwxsgx	
53	1	qcjcxhorum	vmdzdjsoog	uqfyqlojzdzytivhsktkhdyrtc	
142	1	fbznhvlpho	xxusqoaffu	ixuashpcgcgjazwpuqlejvrndo	
170	0	hmsgrwkcbz	kacbaoithq	dswtencvxrrbwwpxpsjdtltmff	
115	1	xyuknrhkew	wvxxqnazpq	lgvbfrkhljhrybcgafqrrllygy	
182	1	lbrhkmkrpy	elverjeklc	tnrruaxeldpbevybjkbcvbxasw	
173	1	oqmldldusf	ptaclauiib	lpnvkdzjceexsxafuwodjeabsu	
111	1	amjvuejaxb	acpdwtzpig	pnzyyccixmkmbjqvqepuloxrzc	
26	0	usigcbrzgb	zwzzkxyddv	hzfkhubuyjbvoamyxvsfaytdss	
97	0	jjmqoembik	glurtzcyym	inqfnuruzhpgdxqfasjyswgxft	
20	1	suqpiuawbk	pohkmgfcbn	fptwumziptsqwwturzaypzmkdg	
130	0	tmqbkisjzi	rpubuysgpf	blcinhqlwerutgeefkswrfxbfe	
104	0	odeermtvdz	atnxqwsvbs	sosrxejurrwtzfezahtdrqrmwv	
119	0	zpaykxptmr	xubecoxsim	shfivdntmqqlghnpyrsiakwymi	
172	1	qhqxieehlp	zclkvmqwaz	eqphltmyvoozmdqltvdktlcenv	
57	0	xncnprujwx	lzcmoczadg	kzepzlaiqjgkgjpjsnybpiagyd	
163	0	flikheeoac	uvzrnnnosg	cukgftsbccxzlslkdmaobyyrqi	
151	0	cqspbutvtc	rkeqzsbacs	bdxtqemegwbzpadzybclcdckmw	
165	1	lxsrizyoha	vdayshjave	vqzooobvejbbzdqddvyxmcsskq	
74	1	snglpfdxhb	ltpplxwxty	anryotefjijyyfaxwgopixxgey	
183	1	adodnatkoj	qcbmtfxgaz	vrcwjvggdpzakdjltofgsvvdvq	
175	0	stddqabkhx	dtqioxsvzr	ybgyxnptserxpofuywuxmwjlxy	
31	0	rymfoinliu	sdpunammxm	sssxzekfwkriwlvqwbpymymltc	
50	1	iupvbkskbs	arhxcbxpzv	tbzrtxijmgzlyqbngzjuppyirf	
11	0	bwamdvxgqc	okieisiqfm	fxcmsmouufwoprenobggitisxw	
153	0	xnmqpjqxyb	twxvpeeeeq	bivswudpzfcqjwtzvftppzegqx	
160	0	tqnmjmgeoc	jnkfbyaxla	rsesydtwvhttteipajmibmyfdn	
28	0	gvaejgbtef	cjmdanskbb	qfqfperpcbabkqbrduwlupdocm	
152	1	yzubrgyrea	xowjzzdcus	cxftwwcjnurcsxwhxcdsoxksyo	
55	1	sqphjqhmcs	gdcolpxvar	azbwlbzsxthtqmljasgjupyrsw	
186	0	lptrjztigv	zjakxaypzj	zuznxouunvitldwsprrbxeadjh	
86	0	rbotwwkhdt	ysshsgprde	pgjwchszgwxsshvpjyqssvqdzk	
36	0	dqhtrifxxa	tjspshuxuv	bzwgjxlbtveqgnensfsthayowt	
10	0	vjdvcbvuxx	dzqijfzkcf	ctwsqzullysapehfvmefpgpxkh	
39	0	lkqpydrbln	hsgxithjta	mzdasnsecfagfcpftjvtmqciwn	
88	1	ixfigtmist	wqznzmwkhl	dvyqhyjbtuxvityuqkhfgnbjih	
108	1	hzekfgracy	nsdxoxzybz	jxixqjtduvpomkhahkpdyfdisy	
75	1	yvkeyhrncn	ryynoavcye	tiukfgvovibmhcgmawiarawvlk	
17	0	kcbqyjodps	zeerykccvz	iwnpticchbwffepuyspafwxvax	
166	1	qmjukwwkvz	rvfwlxzdmc	rzsuoguvlfzyayxacafjzfseey	
121	1	ctlpqgazjw	wtjdxsgmyl	xajesmwdziezbtmgruyfvdxnof	
89	0	ihresmputw	tybqngzcgt	kvlmdgmxkdwcsyabhoqpkvqofj	
62	1	fnipobpyjm	pwkmemxboq	ljnwjfagyskadqqgcksmjetfdm	
